<?xml version="1.0" encoding="UTF-8"?>
<!-- Generated by org.testng.reporters.JUnitReportReporter -->
<testsuite skipped="0" hostname="LAPTOP-NHNEE0FH" name="com.jbk.TestNg" tests="2" failures="0" timestamp="21 Oct 2018 13:42:39 GMT" time="0.017" errors="0">
  <testcase name="TC02" time="0.000" classname="com.jbk.TestNg"/>
  <testcase name="TC01" time="0.017" classname="com.jbk.TestNg"/>
</testsuite> <!-- com.jbk.TestNg -->
