<?xml version="1.0" encoding="UTF-8"?>
<!-- Generated by org.testng.reporters.JUnitReportReporter -->
<testsuite hostname="LAPTOP-NHNEE0FH" name="com.jbk.MyMainClass" tests="3" failures="0" timestamp="29 Nov 2018 15:41:08 GMT" time="0.013" errors="0">
  <testcase name="product" time="0.002" classname="com.jbk.MyMainClass"/>
  <testcase name="signUp" time="0.009" classname="com.jbk.MyMainClass"/>
  <testcase name="login" time="0.002" classname="com.jbk.MyMainClass"/>
</testsuite> <!-- com.jbk.MyMainClass -->
