<?xml version="1.0" encoding="UTF-8"?>
<!-- Generated by org.testng.reporters.JUnitReportReporter -->
<testsuite hostname="LAPTOP-NHNEE0FH" name="com.java.Log4jClass" tests="1" failures="0" timestamp="30 Nov 2018 14:20:54 GMT" time="25.407" errors="0">
  <testcase name="Login" time="25.407" classname="com.java.Log4jClass"/>
</testsuite> <!-- com.java.Log4jClass -->
